<?xml version="1.0" encoding="UTF-8"?>
<!-- Generated by org.testng.reporters.JUnitReportReporter -->
<testsuite hostname="AARIZ" failures="0" tests="7" name="selenium_mock.FacebookLogin" time="60.990" errors="0" timestamp="2025-09-13T19:56:47 IST" skipped="0">
  <testcase classname="selenium_mock.FacebookLogin" name="loginFacebook" time="7.346"/>
  <testcase classname="selenium_mock.FacebookLogin" name="loginFacebook" time="7.315"/>
  <testcase classname="selenium_mock.FacebookLogin" name="loginFacebook" time="17.214"/>
  <testcase classname="selenium_mock.FacebookLogin" name="loginFacebook" time="7.164"/>
  <testcase classname="selenium_mock.FacebookLogin" name="loginFacebook" time="7.272"/>
  <testcase classname="selenium_mock.FacebookLogin" name="loginFacebook" time="7.460"/>
  <testcase classname="selenium_mock.FacebookLogin" name="loginFacebook" time="7.219"/>
</testsuite> <!-- selenium_mock.FacebookLogin -->
